Traceback (most recent call last):
  File "/Users/rblack/_dev/PyQprop/.venv/lib/python3.11/site-packages/jupyter_cache/executors/utils.py", line 58, in single_nb_execution
    executenb(
  File "/Users/rblack/_dev/PyQprop/.venv/lib/python3.11/site-packages/nbclient/client.py", line 1204, in execute
    return NotebookClient(nb=nb, resources=resources, km=km, **kwargs).execute()
           ^^^^^^^^^^^^^^^^^^^^^^^^^^^^^^^^^^^^^^^^^^^^^^^^^^^^^^^^^^^^^^^^^^^^^
  File "/Users/rblack/_dev/PyQprop/.venv/lib/python3.11/site-packages/nbclient/util.py", line 84, in wrapped
    return just_run(coro(*args, **kwargs))
           ^^^^^^^^^^^^^^^^^^^^^^^^^^^^^^^
  File "/Users/rblack/_dev/PyQprop/.venv/lib/python3.11/site-packages/nbclient/util.py", line 62, in just_run
    return loop.run_until_complete(coro)
           ^^^^^^^^^^^^^^^^^^^^^^^^^^^^^
  File "/Users/rblack/.pyenv/versions/3.11.2/lib/python3.11/asyncio/base_events.py", line 653, in run_until_complete
    return future.result()
           ^^^^^^^^^^^^^^^
  File "/Users/rblack/_dev/PyQprop/.venv/lib/python3.11/site-packages/nbclient/client.py", line 663, in async_execute
    await self.async_execute_cell(
  File "/Users/rblack/_dev/PyQprop/.venv/lib/python3.11/site-packages/nbclient/client.py", line 965, in async_execute_cell
    await self._check_raise_for_error(cell, cell_index, exec_reply)
  File "/Users/rblack/_dev/PyQprop/.venv/lib/python3.11/site-packages/nbclient/client.py", line 862, in _check_raise_for_error
    raise CellExecutionError.from_cell_and_msg(cell, exec_reply_content)
nbclient.exceptions.CellExecutionError: An error occurred while executing the following cell:
------------------
import shutil
BUILD = "../master/build-qprop/"
for f in FSRCS:
    print(f"Copying {f}")
    src = "../master/Qprop/src/" + f
    dst = BUILD + f
    shutil.copyfile(src, dst)
------------------

[0;31m---------------------------------------------------------------------------[0m
[0;31mFileNotFoundError[0m                         Traceback (most recent call last)
Cell [0;32mIn[7], line 7[0m
[1;32m      5[0m src [38;5;241m=[39m [38;5;124m"[39m[38;5;124m../master/Qprop/src/[39m[38;5;124m"[39m [38;5;241m+[39m f
[1;32m      6[0m dst [38;5;241m=[39m BUILD [38;5;241m+[39m f
[0;32m----> 7[0m [43mshutil[49m[38;5;241;43m.[39;49m[43mcopyfile[49m[43m([49m[43msrc[49m[43m,[49m[43m [49m[43mdst[49m[43m)[49m

File [0;32m~/.pyenv/versions/3.11.2/lib/python3.11/shutil.py:256[0m, in [0;36mcopyfile[0;34m(src, dst, follow_symlinks)[0m
[1;32m    254[0m     os[38;5;241m.[39msymlink(os[38;5;241m.[39mreadlink(src), dst)
[1;32m    255[0m [38;5;28;01melse[39;00m:
[0;32m--> 256[0m     [38;5;28;01mwith[39;00m [38;5;28;43mopen[39;49m[43m([49m[43msrc[49m[43m,[49m[43m [49m[38;5;124;43m'[39;49m[38;5;124;43mrb[39;49m[38;5;124;43m'[39;49m[43m)[49m [38;5;28;01mas[39;00m fsrc:
[1;32m    257[0m         [38;5;28;01mtry[39;00m:
[1;32m    258[0m             [38;5;28;01mwith[39;00m [38;5;28mopen[39m(dst, [38;5;124m'[39m[38;5;124mwb[39m[38;5;124m'[39m) [38;5;28;01mas[39;00m fdst:
[1;32m    259[0m                 [38;5;66;03m# macOS[39;00m

[0;31mFileNotFoundError[0m: [Errno 2] No such file or directory: '../master/Qprop/src/qprop.f'
FileNotFoundError: [Errno 2] No such file or directory: '../master/Qprop/src/qprop.f'

